[debug] [2023-01-15T20:23:47.894Z] ----------------------------------------------------------------------
[debug] [2023-01-15T20:23:47.897Z] Command:       C:\Program Files\nodejs\node.exe C:\Users\Jafthe Jethro\AppData\Roaming\npm\node_modules\firebase-tools\lib\bin\firebase.js init
[debug] [2023-01-15T20:23:47.897Z] CLI Version:   11.20.0
[debug] [2023-01-15T20:23:47.897Z] Platform:      win32
[debug] [2023-01-15T20:23:47.897Z] Node Version:  v18.12.1
[debug] [2023-01-15T20:23:47.928Z] Time:          Sun Jan 15 2023 14:23:47 GMT-0600 (hora estándar central)
[debug] [2023-01-15T20:23:47.928Z] ----------------------------------------------------------------------
[debug] 
[debug] [2023-01-15T20:23:47.935Z] >>> [apiv2][query] GET https://firebase-public.firebaseio.com/cli.json [none]
[debug] [2023-01-15T20:23:48.166Z] > command requires scopes: ["email","openid","https://www.googleapis.com/auth/cloudplatformprojects.readonly","https://www.googleapis.com/auth/firebase","https://www.googleapis.com/auth/cloud-platform"]
[debug] [2023-01-15T20:23:48.167Z] > authorizing via signed-in user (jethrocamargo@gmail.com)
[info] 
     ######## #### ########  ######## ########     ###     ######  ########
     ##        ##  ##     ## ##       ##     ##  ##   ##  ##       ##
     ######    ##  ########  ######   ########  #########  ######  ######
     ##        ##  ##    ##  ##       ##     ## ##     ##       ## ##
     ##       #### ##     ## ######## ########  ##     ##  ######  ########

You're about to initialize a Firebase project in this directory:

  C:\Users\Jafthe Jethro\WebstormProjects\univcon

Before we get started, keep in mind:

  * You are initializing within an existing Firebase project directory

[debug] [2023-01-15T20:23:48.377Z] <<< [apiv2][status] GET https://firebase-public.firebaseio.com/cli.json 200
[debug] [2023-01-15T20:23:48.378Z] <<< [apiv2][body] GET https://firebase-public.firebaseio.com/cli.json {"cloudBuildErrorAfter":1594252800000,"cloudBuildWarnAfter":1590019200000,"defaultNode10After":1594252800000,"minVersion":"3.0.5","node8DeploysDisabledAfter":1613390400000,"node8RuntimeDisabledAfter":1615809600000,"node8WarnAfter":1600128000000}
[info] 
=== Project Setup
[info] 
[info] First, let's associate this project directory with a Firebase project.
[info] You can create multiple project aliases by running firebase use --add, 
[info] but for now we'll just set up a default project.
[info] 
[debug] [2023-01-15T20:23:58.971Z] Using project from CLI flag: univcon-64c3e
[debug] [2023-01-15T20:23:58.972Z] > refreshing access token with scopes: []
[debug] [2023-01-15T20:23:58.973Z] >>> [apiv2][query] POST https://www.googleapis.com/oauth2/v3/token [none]
[debug] [2023-01-15T20:23:58.973Z] >>> [apiv2][body] POST https://www.googleapis.com/oauth2/v3/token [omitted]
[debug] [2023-01-15T20:23:59.168Z] <<< [apiv2][status] POST https://www.googleapis.com/oauth2/v3/token 200
[debug] [2023-01-15T20:23:59.168Z] <<< [apiv2][body] POST https://www.googleapis.com/oauth2/v3/token [omitted]
[debug] [2023-01-15T20:23:59.183Z] >>> [apiv2][query] GET https://firebase.googleapis.com/v1beta1/projects/univcon-64c3e [none]
[debug] [2023-01-15T20:23:59.441Z] <<< [apiv2][status] GET https://firebase.googleapis.com/v1beta1/projects/univcon-64c3e 200
[debug] [2023-01-15T20:23:59.441Z] <<< [apiv2][body] GET https://firebase.googleapis.com/v1beta1/projects/univcon-64c3e {"projectId":"univcon-64c3e","projectNumber":"736028375978","displayName":"UNIVCON","name":"projects/univcon-64c3e","resources":{"hostingSite":"univcon-64c3e","storageBucket":"univcon-64c3e.appspot.com","locationId":"us-central"},"state":"ACTIVE","etag":"1_53615e5a-e63b-421a-9d28-8cf63bfe9b69"}
[info] i  Using project univcon-64c3e (UNIVCON) 
[info] 
=== Hosting Setup
[info] 
[info] Your public directory is the folder (relative to your project directory) that
[info] will contain Hosting assets to be uploaded with firebase deploy. If you
[info] have a build process for your assets, use your build's output directory.
[info] 
